[2022-12-11 19:27:33] local.ERROR: The /var/www/html/bootstrap/cache directory must be present and writable. {"exception":"[object] (Exception(code: 0): The /var/www/html/bootstrap/cache directory must be present and writable. at /var/www/html/vendor/laravel/framework/src/Illuminate/Foundation/PackageManifest.php:178)
[stacktrace]
#0 /var/www/html/vendor/laravel/framework/src/Illuminate/Foundation/PackageManifest.php(137): Illuminate\\Foundation\\PackageManifest->write()
#1 /var/www/html/vendor/laravel/framework/src/Illuminate/Foundation/PackageManifest.php(107): Illuminate\\Foundation\\PackageManifest->build()
#2 /var/www/html/vendor/laravel/framework/src/Illuminate/Foundation/PackageManifest.php(90): Illuminate\\Foundation\\PackageManifest->getManifest()
#3 /var/www/html/vendor/laravel/framework/src/Illuminate/Foundation/PackageManifest.php(79): Illuminate\\Foundation\\PackageManifest->config()
#4 /var/www/html/vendor/laravel/framework/src/Illuminate/Foundation/Bootstrap/RegisterFacades.php(26): Illuminate\\Foundation\\PackageManifest->aliases()
#5 /var/www/html/vendor/laravel/framework/src/Illuminate/Foundation/Application.php(242): Illuminate\\Foundation\\Bootstrap\\RegisterFacades->bootstrap()
#6 /var/www/html/vendor/laravel/framework/src/Illuminate/Foundation/Console/Kernel.php(383): Illuminate\\Foundation\\Application->bootstrapWith()
#7 /var/www/html/vendor/laravel/framework/src/Illuminate/Foundation/Console/Kernel.php(153): Illuminate\\Foundation\\Console\\Kernel->bootstrap()
#8 /var/www/html/artisan(37): Illuminate\\Foundation\\Console\\Kernel->handle()
#9 {main}
"} 
[2022-12-11 19:29:49] local.ERROR: The /var/www/html/bootstrap/cache directory must be present and writable. {"exception":"[object] (Exception(code: 0): The /var/www/html/bootstrap/cache directory must be present and writable. at /var/www/html/vendor/laravel/framework/src/Illuminate/Foundation/PackageManifest.php:178)
[stacktrace]
#0 /var/www/html/vendor/laravel/framework/src/Illuminate/Foundation/PackageManifest.php(137): Illuminate\\Foundation\\PackageManifest->write()
#1 /var/www/html/vendor/laravel/framework/src/Illuminate/Foundation/PackageManifest.php(107): Illuminate\\Foundation\\PackageManifest->build()
#2 /var/www/html/vendor/laravel/framework/src/Illuminate/Foundation/PackageManifest.php(90): Illuminate\\Foundation\\PackageManifest->getManifest()
#3 /var/www/html/vendor/laravel/framework/src/Illuminate/Foundation/PackageManifest.php(79): Illuminate\\Foundation\\PackageManifest->config()
#4 /var/www/html/vendor/laravel/framework/src/Illuminate/Foundation/Bootstrap/RegisterFacades.php(26): Illuminate\\Foundation\\PackageManifest->aliases()
#5 /var/www/html/vendor/laravel/framework/src/Illuminate/Foundation/Application.php(242): Illuminate\\Foundation\\Bootstrap\\RegisterFacades->bootstrap()
#6 /var/www/html/vendor/laravel/framework/src/Illuminate/Foundation/Console/Kernel.php(383): Illuminate\\Foundation\\Application->bootstrapWith()
#7 /var/www/html/vendor/laravel/framework/src/Illuminate/Foundation/Console/Kernel.php(153): Illuminate\\Foundation\\Console\\Kernel->bootstrap()
#8 /var/www/html/artisan(37): Illuminate\\Foundation\\Console\\Kernel->handle()
#9 {main}
"} 
[2022-12-11 19:31:08] local.ERROR: file_put_contents(/var/www/html/.env): Failed to open stream: Permission denied {"exception":"[object] (ErrorException(code: 0): file_put_contents(/var/www/html/.env): Failed to open stream: Permission denied at /var/www/html/vendor/laravel/framework/src/Illuminate/Foundation/Console/KeyGenerateCommand.php:109)
[stacktrace]
#0 /var/www/html/vendor/laravel/framework/src/Illuminate/Foundation/Bootstrap/HandleExceptions.php(259): Illuminate\\Foundation\\Bootstrap\\HandleExceptions->handleError()
#1 [internal function]: Illuminate\\Foundation\\Bootstrap\\HandleExceptions->Illuminate\\Foundation\\Bootstrap\\{closure}()
#2 /var/www/html/vendor/laravel/framework/src/Illuminate/Foundation/Console/KeyGenerateCommand.php(109): file_put_contents()
#3 /var/www/html/vendor/laravel/framework/src/Illuminate/Foundation/Console/KeyGenerateCommand.php(93): Illuminate\\Foundation\\Console\\KeyGenerateCommand->writeNewEnvironmentFileWith()
#4 /var/www/html/vendor/laravel/framework/src/Illuminate/Foundation/Console/KeyGenerateCommand.php(58): Illuminate\\Foundation\\Console\\KeyGenerateCommand->setKeyInEnvironmentFile()
#5 /var/www/html/vendor/laravel/framework/src/Illuminate/Container/BoundMethod.php(36): Illuminate\\Foundation\\Console\\KeyGenerateCommand->handle()
#6 /var/www/html/vendor/laravel/framework/src/Illuminate/Container/Util.php(41): Illuminate\\Container\\BoundMethod::Illuminate\\Container\\{closure}()
#7 /var/www/html/vendor/laravel/framework/src/Illuminate/Container/BoundMethod.php(93): Illuminate\\Container\\Util::unwrapIfClosure()
#8 /var/www/html/vendor/laravel/framework/src/Illuminate/Container/BoundMethod.php(37): Illuminate\\Container\\BoundMethod::callBoundMethod()
#9 /var/www/html/vendor/laravel/framework/src/Illuminate/Container/Container.php(651): Illuminate\\Container\\BoundMethod::call()
#10 /var/www/html/vendor/laravel/framework/src/Illuminate/Console/Command.php(178): Illuminate\\Container\\Container->call()
#11 /var/www/html/vendor/symfony/console/Command/Command.php(308): Illuminate\\Console\\Command->execute()
#12 /var/www/html/vendor/laravel/framework/src/Illuminate/Console/Command.php(148): Symfony\\Component\\Console\\Command\\Command->run()
#13 /var/www/html/vendor/symfony/console/Application.php(1014): Illuminate\\Console\\Command->run()
#14 /var/www/html/vendor/symfony/console/Application.php(301): Symfony\\Component\\Console\\Application->doRunCommand()
#15 /var/www/html/vendor/symfony/console/Application.php(171): Symfony\\Component\\Console\\Application->doRun()
#16 /var/www/html/vendor/laravel/framework/src/Illuminate/Console/Application.php(102): Symfony\\Component\\Console\\Application->run()
#17 /var/www/html/vendor/laravel/framework/src/Illuminate/Foundation/Console/Kernel.php(155): Illuminate\\Console\\Application->run()
#18 /var/www/html/artisan(37): Illuminate\\Foundation\\Console\\Kernel->handle()
#19 {main}
"} 
[2022-12-11 19:32:38] local.ERROR: file_put_contents(/var/www/html/.env): Failed to open stream: Permission denied {"exception":"[object] (ErrorException(code: 0): file_put_contents(/var/www/html/.env): Failed to open stream: Permission denied at /var/www/html/vendor/laravel/framework/src/Illuminate/Foundation/Console/KeyGenerateCommand.php:109)
[stacktrace]
#0 /var/www/html/vendor/laravel/framework/src/Illuminate/Foundation/Bootstrap/HandleExceptions.php(259): Illuminate\\Foundation\\Bootstrap\\HandleExceptions->handleError()
#1 [internal function]: Illuminate\\Foundation\\Bootstrap\\HandleExceptions->Illuminate\\Foundation\\Bootstrap\\{closure}()
#2 /var/www/html/vendor/laravel/framework/src/Illuminate/Foundation/Console/KeyGenerateCommand.php(109): file_put_contents()
#3 /var/www/html/vendor/laravel/framework/src/Illuminate/Foundation/Console/KeyGenerateCommand.php(93): Illuminate\\Foundation\\Console\\KeyGenerateCommand->writeNewEnvironmentFileWith()
#4 /var/www/html/vendor/laravel/framework/src/Illuminate/Foundation/Console/KeyGenerateCommand.php(58): Illuminate\\Foundation\\Console\\KeyGenerateCommand->setKeyInEnvironmentFile()
#5 /var/www/html/vendor/laravel/framework/src/Illuminate/Container/BoundMethod.php(36): Illuminate\\Foundation\\Console\\KeyGenerateCommand->handle()
#6 /var/www/html/vendor/laravel/framework/src/Illuminate/Container/Util.php(41): Illuminate\\Container\\BoundMethod::Illuminate\\Container\\{closure}()
#7 /var/www/html/vendor/laravel/framework/src/Illuminate/Container/BoundMethod.php(93): Illuminate\\Container\\Util::unwrapIfClosure()
#8 /var/www/html/vendor/laravel/framework/src/Illuminate/Container/BoundMethod.php(37): Illuminate\\Container\\BoundMethod::callBoundMethod()
#9 /var/www/html/vendor/laravel/framework/src/Illuminate/Container/Container.php(651): Illuminate\\Container\\BoundMethod::call()
#10 /var/www/html/vendor/laravel/framework/src/Illuminate/Console/Command.php(178): Illuminate\\Container\\Container->call()
#11 /var/www/html/vendor/symfony/console/Command/Command.php(308): Illuminate\\Console\\Command->execute()
#12 /var/www/html/vendor/laravel/framework/src/Illuminate/Console/Command.php(148): Symfony\\Component\\Console\\Command\\Command->run()
#13 /var/www/html/vendor/symfony/console/Application.php(1014): Illuminate\\Console\\Command->run()
#14 /var/www/html/vendor/symfony/console/Application.php(301): Symfony\\Component\\Console\\Application->doRunCommand()
#15 /var/www/html/vendor/symfony/console/Application.php(171): Symfony\\Component\\Console\\Application->doRun()
#16 /var/www/html/vendor/laravel/framework/src/Illuminate/Console/Application.php(102): Symfony\\Component\\Console\\Application->run()
#17 /var/www/html/vendor/laravel/framework/src/Illuminate/Foundation/Console/Kernel.php(155): Illuminate\\Console\\Application->run()
#18 /var/www/html/artisan(37): Illuminate\\Foundation\\Console\\Kernel->handle()
#19 {main}
"} 
[2022-12-11 19:36:18] local.ERROR: Command "config:catch" is not defined.

Did you mean one of these?
    config:cache
    config:clear {"exception":"[object] (Symfony\\Component\\Console\\Exception\\CommandNotFoundException(code: 0): Command \"config:catch\" is not defined.

Did you mean one of these?
    config:cache
    config:clear at /var/www/html/vendor/symfony/console/Application.php:694)
[stacktrace]
#0 /var/www/html/vendor/symfony/console/Application.php(259): Symfony\\Component\\Console\\Application->find()
#1 /var/www/html/vendor/symfony/console/Application.php(171): Symfony\\Component\\Console\\Application->doRun()
#2 /var/www/html/vendor/laravel/framework/src/Illuminate/Console/Application.php(102): Symfony\\Component\\Console\\Application->run()
#3 /var/www/html/vendor/laravel/framework/src/Illuminate/Foundation/Console/Kernel.php(155): Illuminate\\Console\\Application->run()
#4 /var/www/html/artisan(37): Illuminate\\Foundation\\Console\\Kernel->handle()
#5 {main}
"} 
